# JRE version: OpenJDK Runtime Environment Temurin-21.0.8+9 (21.0.8+9) (build 21.0.8+9-LTS)
# Java VM: OpenJDK 64-Bit Server VM Temurin-21.0.8+9 (21.0.8+9-LTS, mixed mode, sharing, tiered, compressed oops, compressed class ptrs, parallel gc, windows-amd64)
GC Precious Log:
 CardTable entry size: 512
 CPUs: 12 total, 12 available
 Memory: 16068M
 Large Page Support: Disabled
 NUMA Support: Disabled
 Compressed Oops: Enabled (32-bit)
 Alignments: Space 512K, Generation 512K, Heap 2M
 Heap Min Capacity: 100M
 Heap Initial Capacity: 100M
 Heap Max Capacity: 2G
 Pre-touch: Disabled
 Parallel Workers: 10
Heap:
 PSYoungGen      total 7680K, used 3137K [0x00000000d5580000, 0x00000000d6100000, 0x0000000100000000)
  eden space 7168K, 36% used [0x00000000d5580000,0x00000000d5810410,0x00000000d5c80000)
  from space 512K, 100% used [0x00000000d6080000,0x00000000d6100000,0x00000000d6100000)
  to   space 1024K, 0% used [0x00000000d5f00000,0x00000000d5f00000,0x00000000d6000000)
 ParOldGen       total 1131008K, used 828182K [0x0000000080000000, 0x00000000c5080000, 0x00000000d5580000)
  object space 1131008K, 73% used [0x0000000080000000,0x00000000b28c5930,0x00000000c5080000)
 Metaspace       used 98158K, committed 99712K, reserved 1179648K
  class space    used 9721K, committed 10432K, reserved 1048576K
GC Heap History (20 events):
Event: 5860.865 GC heap before
{Heap before GC invocations=4866 (full 7):
 PSYoungGen      total 8192K, used 8165K [0x00000000d5580000, 0x00000000d6300000, 0x0000000100000000)
  eden space 7168K, 100% used [0x00000000d5580000,0x00000000d5c80000,0x00000000d5c80000)
  from space 1024K, 97% used [0x00000000d6200000,0x00000000d62f97c8,0x00000000d6300000)
  to   space 2048K, 0% used [0x00000000d5f00000,0x00000000d5f00000,0x00000000d6100000)
 ParOldGen       total 1131008K, used 820722K [0x0000000080000000, 0x00000000c5080000, 0x00000000d5580000)
  object space 1131008K, 72% used [0x0000000080000000,0x00000000b217ca68,0x00000000c5080000)
 Metaspace       used 98146K, committed 99712K, reserved 1179648K
  class space    used 9721K, committed 10432K, reserved 1048576K
}
Event: 5860.904 GC heap after
{Heap after GC invocations=4866 (full 7):
 PSYoungGen      total 9216K, used 2027K [0x00000000d5580000, 0x00000000d6780000, 0x0000000100000000)
  eden space 7168K, 0% used [0x00000000d5580000,0x00000000d5580000,0x00000000d5c80000)
  from space 2048K, 99% used [0x00000000d5f00000,0x00000000d60faf90,0x00000000d6100000)
  to   space 5632K, 0% used [0x00000000d6200000,0x00000000d6200000,0x00000000d6780000)
 ParOldGen       total 1131008K, used 823370K [0x0000000080000000, 0x00000000c5080000, 0x00000000d5580000)
  object space 1131008K, 72% used [0x0000000080000000,0x00000000b24129a0,0x00000000c5080000)
 Metaspace       used 98146K, committed 99712K, reserved 1179648K
  class space    used 9721K, committed 10432K, reserved 1048576K
}
Event: 5860.936 GC heap before
{Heap before GC invocations=4867 (full 7):
 PSYoungGen      total 9216K, used 9195K [0x00000000d5580000, 0x00000000d6780000, 0x0000000100000000)
  eden space 7168K, 100% used [0x00000000d5580000,0x00000000d5c80000,0x00000000d5c80000)
  from space 2048K, 99% used [0x00000000d5f00000,0x00000000d60faf90,0x00000000d6100000)
  to   space 5632K, 0% used [0x00000000d6200000,0x00000000d6200000,0x00000000d6780000)
 ParOldGen       total 1131008K, used 823370K [0x0000000080000000, 0x00000000c5080000, 0x00000000d5580000)
  object space 1131008K, 72% used [0x0000000080000000,0x00000000b24129a0,0x00000000c5080000)
 Metaspace       used 98146K, committed 99712K, reserved 1179648K
  class space    used 9721K, committed 10432K, reserved 1048576K
}
Event: 5860.943 GC heap after
{Heap after GC invocations=4867 (full 7):
 PSYoungGen      total 8192K, used 992K [0x00000000d5580000, 0x00000000d6300000, 0x0000000100000000)
  eden space 7168K, 0% used [0x00000000d5580000,0x00000000d5580000,0x00000000d5c80000)
  from space 1024K, 96% used [0x00000000d6200000,0x00000000d62f8000,0x00000000d6300000)
  to   space 2560K, 0% used [0x00000000d5e00000,0x00000000d5e00000,0x00000000d6080000)
 ParOldGen       total 1131008K, used 823594K [0x0000000080000000, 0x00000000c5080000, 0x00000000d5580000)
  object space 1131008K, 72% used [0x0000000080000000,0x00000000b244a9a0,0x00000000c5080000)
 Metaspace       used 98146K, committed 99712K, reserved 1179648K
  class space    used 9721K, committed 10432K, reserved 1048576K
}
Event: 5861.007 GC heap before
{Heap before GC invocations=4868 (full 7):
 PSYoungGen      total 8192K, used 8160K [0x00000000d5580000, 0x00000000d6300000, 0x0000000100000000)
  eden space 7168K, 100% used [0x00000000d5580000,0x00000000d5c80000,0x00000000d5c80000)
  from space 1024K, 96% used [0x00000000d6200000,0x00000000d62f8000,0x00000000d6300000)
  to   space 2560K, 0% used [0x00000000d5e00000,0x00000000d5e00000,0x00000000d6080000)
 ParOldGen       total 1131008K, used 823594K [0x0000000080000000, 0x00000000c5080000, 0x00000000d5580000)
  object space 1131008K, 72% used [0x0000000080000000,0x00000000b244a9a0,0x00000000c5080000)
 Metaspace       used 98147K, committed 99712K, reserved 1179648K
  class space    used 9721K, committed 10432K, reserved 1048576K
}
Event: 5861.012 GC heap after
{Heap after GC invocations=4868 (full 7):
 PSYoungGen      total 9728K, used 224K [0x00000000d5580000, 0x00000000d6280000, 0x0000000100000000)
  eden space 7168K, 0% used [0x00000000d5580000,0x00000000d5580000,0x00000000d5c80000)
  from space 2560K, 8% used [0x00000000d5e00000,0x00000000d5e38000,0x00000000d6080000)
  to   space 1024K, 0% used [0x00000000d6180000,0x00000000d6180000,0x00000000d6280000)
 ParOldGen       total 1131008K, used 823618K [0x0000000080000000, 0x00000000c5080000, 0x00000000d5580000)
  object space 1131008K, 72% used [0x0000000080000000,0x00000000b24509a0,0x00000000c5080000)
 Metaspace       used 98147K, committed 99712K, reserved 1179648K
  class space    used 9721K, committed 10432K, reserved 1048576K
}
Event: 5866.737 GC heap before
{Heap before GC invocations=4869 (full 7):
 PSYoungGen      total 9728K, used 7392K [0x00000000d5580000, 0x00000000d6280000, 0x0000000100000000)
  eden space 7168K, 100% used [0x00000000d5580000,0x00000000d5c80000,0x00000000d5c80000)
  from space 2560K, 8% used [0x00000000d5e00000,0x00000000d5e38000,0x00000000d6080000)
  to   space 1024K, 0% used [0x00000000d6180000,0x00000000d6180000,0x00000000d6280000)
 ParOldGen       total 1131008K, used 823618K [0x0000000080000000, 0x00000000c5080000, 0x00000000d5580000)
  object space 1131008K, 72% used [0x0000000080000000,0x00000000b24509a0,0x00000000c5080000)
 Metaspace       used 98155K, committed 99712K, reserved 1179648K
  class space    used 9721K, committed 10432K, reserved 1048576K
}
Event: 5866.741 GC heap after
{Heap after GC invocations=4869 (full 7):
 PSYoungGen      total 7680K, used 416K [0x00000000d5580000, 0x00000000d6200000, 0x0000000100000000)
  eden space 7168K, 0% used [0x00000000d5580000,0x00000000d5580000,0x00000000d5c80000)
  from space 512K, 81% used [0x00000000d6180000,0x00000000d61e8000,0x00000000d6200000)
  to   space 512K, 0% used [0x00000000d6100000,0x00000000d6100000,0x00000000d6180000)
 ParOldGen       total 1131008K, used 823690K [0x0000000080000000, 0x00000000c5080000, 0x00000000d5580000)
  object space 1131008K, 72% used [0x0000000080000000,0x00000000b24629a0,0x00000000c5080000)
 Metaspace       used 98155K, committed 99712K, reserved 1179648K
  class space    used 9721K, committed 10432K, reserved 1048576K
}
Event: 5866.850 GC heap before
{Heap before GC invocations=4870 (full 7):
 PSYoungGen      total 7680K, used 7584K [0x00000000d5580000, 0x00000000d6200000, 0x0000000100000000)
  eden space 7168K, 100% used [0x00000000d5580000,0x00000000d5c80000,0x00000000d5c80000)
  from space 512K, 81% used [0x00000000d6180000,0x00000000d61e8000,0x00000000d6200000)
  to   space 512K, 0% used [0x00000000d6100000,0x00000000d6100000,0x00000000d6180000)
 ParOldGen       total 1131008K, used 823690K [0x0000000080000000, 0x00000000c5080000, 0x00000000d5580000)
  object space 1131008K, 72% used [0x0000000080000000,0x00000000b24629a0,0x00000000c5080000)
 Metaspace       used 98155K, committed 99712K, reserved 1179648K
  class space    used 9721K, committed 10432K, reserved 1048576K
}
Event: 5866.887 GC heap after
{Heap after GC invocations=4870 (full 7):
 PSYoungGen      total 7680K, used 491K [0x00000000d5580000, 0x00000000d6580000, 0x0000000100000000)
  eden space 7168K, 0% used [0x00000000d5580000,0x00000000d5580000,0x00000000d5c80000)
  from space 512K, 96% used [0x00000000d6100000,0x00000000d617af90,0x00000000d6180000)
  to   space 4096K, 0% used [0x00000000d6180000,0x00000000d6180000,0x00000000d6580000)
 ParOldGen       total 1131008K, used 826770K [0x0000000080000000, 0x00000000c5080000, 0x00000000d5580000)
  object space 1131008K, 73% used [0x0000000080000000,0x00000000b27649a0,0x00000000c5080000)
 Metaspace       used 98155K, committed 99712K, reserved 1179648K
  class space    used 9721K, committed 10432K, reserved 1048576K
}
Event: 5867.262 GC heap before
{Heap before GC invocations=4871 (full 7):
 PSYoungGen      total 7680K, used 7659K [0x00000000d5580000, 0x00000000d6580000, 0x0000000100000000)
  eden space 7168K, 100% used [0x00000000d5580000,0x00000000d5c80000,0x00000000d5c80000)
  from space 512K, 96% used [0x00000000d6100000,0x00000000d617af90,0x00000000d6180000)
  to   space 4096K, 0% used [0x00000000d6180000,0x00000000d6180000,0x00000000d6580000)
 ParOldGen       total 1131008K, used 826770K [0x0000000080000000, 0x00000000c5080000, 0x00000000d5580000)
  object space 1131008K, 73% used [0x0000000080000000,0x00000000b27649a0,0x00000000c5080000)
 Metaspace       used 98158K, committed 99712K, reserved 1179648K
  class space    used 9721K, committed 10432K, reserved 1048576K
}
Event: 5867.269 GC heap after
{Heap after GC invocations=4871 (full 7):
 PSYoungGen      total 8704K, used 1280K [0x00000000d5580000, 0x00000000d6300000, 0x0000000100000000)
  eden space 7168K, 0% used [0x00000000d5580000,0x00000000d5580000,0x00000000d5c80000)
  from space 1536K, 83% used [0x00000000d6180000,0x00000000d62c0000,0x00000000d6300000)
  to   space 2560K, 0% used [0x00000000d5e00000,0x00000000d5e00000,0x00000000d6080000)
 ParOldGen       total 1131008K, used 827334K [0x0000000080000000, 0x00000000c5080000, 0x00000000d5580000)
  object space 1131008K, 73% used [0x0000000080000000,0x00000000b27f1930,0x00000000c5080000)
 Metaspace       used 98158K, committed 99712K, reserved 1179648K
  class space    used 9721K, committed 10432K, reserved 1048576K
}
Event: 5867.320 GC heap before
{Heap before GC invocations=4872 (full 7):
 PSYoungGen      total 8704K, used 8448K [0x00000000d5580000, 0x00000000d6300000, 0x0000000100000000)
  eden space 7168K, 100% used [0x00000000d5580000,0x00000000d5c80000,0x00000000d5c80000)
  from space 1536K, 83% used [0x00000000d6180000,0x00000000d62c0000,0x00000000d6300000)
  to   space 2560K, 0% used [0x00000000d5e00000,0x00000000d5e00000,0x00000000d6080000)
 ParOldGen       total 1131008K, used 827334K [0x0000000080000000, 0x00000000c5080000, 0x00000000d5580000)
  object space 1131008K, 73% used [0x0000000080000000,0x00000000b27f1930,0x00000000c5080000)
 Metaspace       used 98158K, committed 99712K, reserved 1179648K
  class space    used 9721K, committed 10432K, reserved 1048576K
}
Event: 5867.324 GC heap after
{Heap after GC invocations=4872 (full 7):
 PSYoungGen      total 9728K, used 320K [0x00000000d5580000, 0x00000000d6200000, 0x0000000100000000)
  eden space 7168K, 0% used [0x00000000d5580000,0x00000000d5580000,0x00000000d5c80000)
  from space 2560K, 12% used [0x00000000d5e00000,0x00000000d5e50000,0x00000000d6080000)
  to   space 1024K, 0% used [0x00000000d6100000,0x00000000d6100000,0x00000000d6200000)
 ParOldGen       total 1131008K, used 827582K [0x0000000080000000, 0x00000000c5080000, 0x00000000d5580000)
  object space 1131008K, 73% used [0x0000000080000000,0x00000000b282f930,0x00000000c5080000)
 Metaspace       used 98158K, committed 99712K, reserved 1179648K
  class space    used 9721K, committed 10432K, reserved 1048576K
}
Event: 5867.826 GC heap before
{Heap before GC invocations=4873 (full 7):
 PSYoungGen      total 9728K, used 7488K [0x00000000d5580000, 0x00000000d6200000, 0x0000000100000000)
  eden space 7168K, 100% used [0x00000000d5580000,0x00000000d5c80000,0x00000000d5c80000)
  from space 2560K, 12% used [0x00000000d5e00000,0x00000000d5e50000,0x00000000d6080000)
  to   space 1024K, 0% used [0x00000000d6100000,0x00000000d6100000,0x00000000d6200000)
 ParOldGen       total 1131008K, used 827582K [0x0000000080000000, 0x00000000c5080000, 0x00000000d5580000)
  object space 1131008K, 73% used [0x0000000080000000,0x00000000b282f930,0x00000000c5080000)
 Metaspace       used 98158K, committed 99712K, reserved 1179648K
  class space    used 9721K, committed 10432K, reserved 1048576K
}
Event: 5867.838 GC heap after
{Heap after GC invocations=4873 (full 7):
 PSYoungGen      total 8192K, used 1003K [0x00000000d5580000, 0x00000000d6200000, 0x0000000100000000)
  eden space 7168K, 0% used [0x00000000d5580000,0x00000000d5580000,0x00000000d5c80000)
  from space 1024K, 98% used [0x00000000d6100000,0x00000000d61faf90,0x00000000d6200000)
  to   space 2048K, 0% used [0x00000000d5e00000,0x00000000d5e00000,0x00000000d6000000)
 ParOldGen       total 1131008K, used 828054K [0x0000000080000000, 0x00000000c5080000, 0x00000000d5580000)
  object space 1131008K, 73% used [0x0000000080000000,0x00000000b28a5930,0x00000000c5080000)
 Metaspace       used 98158K, committed 99712K, reserved 1179648K
  class space    used 9721K, committed 10432K, reserved 1048576K
}
Event: 5868.309 GC heap before
{Heap before GC invocations=4874 (full 7):
 PSYoungGen      total 8192K, used 8171K [0x00000000d5580000, 0x00000000d6200000, 0x0000000100000000)
  eden space 7168K, 100% used [0x00000000d5580000,0x00000000d5c80000,0x00000000d5c80000)
  from space 1024K, 98% used [0x00000000d6100000,0x00000000d61faf90,0x00000000d6200000)
  to   space 2048K, 0% used [0x00000000d5e00000,0x00000000d5e00000,0x00000000d6000000)
 ParOldGen       total 1131008K, used 828054K [0x0000000080000000, 0x00000000c5080000, 0x00000000d5580000)
  object space 1131008K, 73% used [0x0000000080000000,0x00000000b28a5930,0x00000000c5080000)
 Metaspace       used 98158K, committed 99712K, reserved 1179648K
  class space    used 9721K, committed 10432K, reserved 1048576K
}
Event: 5868.313 GC heap after
{Heap after GC invocations=4874 (full 7):
 PSYoungGen      total 9216K, used 448K [0x00000000d5580000, 0x00000000d6180000, 0x0000000100000000)
  eden space 7168K, 0% used [0x00000000d5580000,0x00000000d5580000,0x00000000d5c80000)
  from space 2048K, 21% used [0x00000000d5e00000,0x00000000d5e70000,0x00000000d6000000)
  to   space 1024K, 0% used [0x00000000d6080000,0x00000000d6080000,0x00000000d6180000)
 ParOldGen       total 1131008K, used 828110K [0x0000000080000000, 0x00000000c5080000, 0x00000000d5580000)
  object space 1131008K, 73% used [0x0000000080000000,0x00000000b28b3930,0x00000000c5080000)
 Metaspace       used 98158K, committed 99712K, reserved 1179648K
  class space    used 9721K, committed 10432K, reserved 1048576K
}
Event: 5868.355 GC heap before
{Heap before GC invocations=4875 (full 7):
 PSYoungGen      total 9216K, used 7616K [0x00000000d5580000, 0x00000000d6180000, 0x0000000100000000)
  eden space 7168K, 100% used [0x00000000d5580000,0x00000000d5c80000,0x00000000d5c80000)
  from space 2048K, 21% used [0x00000000d5e00000,0x00000000d5e70000,0x00000000d6000000)
  to   space 1024K, 0% used [0x00000000d6080000,0x00000000d6080000,0x00000000d6180000)
 ParOldGen       total 1131008K, used 828110K [0x0000000080000000, 0x00000000c5080000, 0x00000000d5580000)
  object space 1131008K, 73% used [0x0000000080000000,0x00000000b28b3930,0x00000000c5080000)
 Metaspace       used 98158K, committed 99712K, reserved 1179648K
  class space    used 9721K, committed 10432K, reserved 1048576K
}
Event: 5868.359 GC heap after
{Heap after GC invocations=4875 (full 7):
 PSYoungGen      total 7680K, used 512K [0x00000000d5580000, 0x00000000d6100000, 0x0000000100000000)
  eden space 7168K, 0% used [0x00000000d5580000,0x00000000d5580000,0x00000000d5c80000)
  from space 512K, 100% used [0x00000000d6080000,0x00000000d6100000,0x00000000d6100000)
  to   space 1024K, 0% used [0x00000000d5f00000,0x00000000d5f00000,0x00000000d6000000)
 ParOldGen       total 1131008K, used 828182K [0x0000000080000000, 0x00000000c5080000, 0x00000000d5580000)
  object space 1131008K, 73% used [0x0000000080000000,0x00000000b28c5930,0x00000000c5080000)
 Metaspace       used 98158K, committed 99712K, reserved 1179648K
  class space    used 9721K, committed 10432K, reserved 1048576K
}

